<?xml version="1.0" encoding="UTF-8"?>
<testsuite xmlns:xsi="http://www.w3.org/2001/XMLSchema-instance" xsi:noNamespaceSchemaLocation="https://maven.apache.org/surefire/maven-surefire-plugin/xsd/surefire-test-report.xsd" name="circuit_breaker_simple.ModuleTestCase" time="1.11" tests="1" errors="1" skipped="0" failures="0">
  <properties>
[...]
</properties>
  <testcase name="initializationError" classname="circuit_breaker_simple.ModuleTestCase" time="0.009">
    <error message="pom file doesn&apos;t exits for path: G:\My%20Drive\Documents\AnypointStudio\workspaces%204\java-connectors\circuit_breaker_simple\pom.xml" type="java.lang.IllegalArgumentException">java.lang.IllegalArgumentException: pom file doesn't exits for path: G:\My%20Drive\Documents\AnypointStudio\workspaces%204\java-connectors\circuit_breaker_simple\pom.xml
</error>
  </testcase>
</testsuite>